The system is: Windows - 6.1 - AMD64
Compiling the C compiler identification source file "CMakeCCompilerId.c" succeeded.
Compiler: C:/Program Files (x86)/Microsoft Visual Studio 9.0/VC/bin/cl.exe 
Build flags: 
Id flags: 

The output was:
0
Microsoft (R) 32-bit C/C++ Optimizing Compiler Version 15.00.30729.01 for 80x86
Copyright (C) Microsoft Corporation.  All rights reserved.

CMakeCCompilerId.c
Microsoft (R) Incremental Linker Version 9.00.30729.01
Copyright (C) Microsoft Corporation.  All rights reserved.

/out:CMakeCCompilerId.exe 
CMakeCCompilerId.obj 


Compilation of the C compiler identification source "CMakeCCompilerId.c" produced "CMakeCCompilerId.exe"

Compilation of the C compiler identification source "CMakeCCompilerId.c" produced "CMakeCCompilerId.obj"

The C compiler identification is MSVC, found in "C:/projects/faocas_qc_w/zlib-1.2.8/build_debug/CMakeFiles/2.8.12/CompilerIdC/CMakeCCompilerId.exe"

Determining if the C compiler works passed with the following output:
Change Dir: C:/projects/faocas_qc_w/zlib-1.2.8/build_debug/CMakeFiles/CMakeTmp

Run Build Command:nmake /NOLOGO  "cmTryCompileExec2242886724\fast"
	"C:\Program Files (x86)\Microsoft Visual Studio 9.0\VC\BIN\nmake.exe" -f CMakeFiles\cmTryCompileExec2242886724.dir\build.make /nologo -L                  CMakeFiles\cmTryCompileExec2242886724.dir\build
	"C:\Program Files (x86)\CMake 2.8\bin\cmake.exe" -E cmake_progress_report C:\projects\faocas_qc_w\zlib-1.2.8\build_debug\CMakeFiles\CMakeTmp\CMakeFiles 1
Building C object CMakeFiles/cmTryCompileExec2242886724.dir/testCCompiler.c.obj
	C:\PROGRA~2\MICROS~1.0\VC\bin\cl.exe  @C:\Users\jo\AppData\Local\Temp\nm2645.tmp
testCCompiler.c
Linking C executable cmTryCompileExec2242886724.exe
	"C:\Program Files (x86)\CMake 2.8\bin\cmake.exe" -E vs_link_exe C:\PROGRA~2\MICROS~1.0\VC\bin\link.exe /nologo @CMakeFiles\cmTryCompileExec2242886724.dir\objects1.rsp @C:\Users\jo\AppData\Local\Temp\nm26B3.tmp


Detecting C compiler ABI info compiled with the following output:
Change Dir: C:/projects/faocas_qc_w/zlib-1.2.8/build_debug/CMakeFiles/CMakeTmp

Run Build Command:nmake /NOLOGO  "cmTryCompileExec280608332\fast"
	"C:\Program Files (x86)\Microsoft Visual Studio 9.0\VC\BIN\nmake.exe" -f CMakeFiles\cmTryCompileExec280608332.dir\build.make /nologo -L                  CMakeFiles\cmTryCompileExec280608332.dir\build
	"C:\Program Files (x86)\CMake 2.8\bin\cmake.exe" -E cmake_progress_report C:\projects\faocas_qc_w\zlib-1.2.8\build_debug\CMakeFiles\CMakeTmp\CMakeFiles 1
Building C object CMakeFiles/cmTryCompileExec280608332.dir/CMakeCCompilerABI.c.obj
	C:\PROGRA~2\MICROS~1.0\VC\bin\cl.exe  @C:\Users\jo\AppData\Local\Temp\nm2931.tmp
CMakeCCompilerABI.c
Linking C executable cmTryCompileExec280608332.exe
	"C:\Program Files (x86)\CMake 2.8\bin\cmake.exe" -E vs_link_exe C:\PROGRA~2\MICROS~1.0\VC\bin\link.exe /nologo @CMakeFiles\cmTryCompileExec280608332.dir\objects1.rsp @C:\Users\jo\AppData\Local\Temp\nm29A0.tmp


Determining if the include file sys/types.h exists passed with the following output:
Change Dir: C:/projects/faocas_qc_w/zlib-1.2.8/build_debug/CMakeFiles/CMakeTmp

Run Build Command:nmake /NOLOGO  "cmTryCompileExec3372558305\fast"
	"C:\Program Files (x86)\Microsoft Visual Studio 9.0\VC\BIN\nmake.exe" -f CMakeFiles\cmTryCompileExec3372558305.dir\build.make /nologo -L                  CMakeFiles\cmTryCompileExec3372558305.dir\build
	"C:\Program Files (x86)\CMake 2.8\bin\cmake.exe" -E cmake_progress_report C:\projects\faocas_qc_w\zlib-1.2.8\build_debug\CMakeFiles\CMakeTmp\CMakeFiles 1
Building C object CMakeFiles/cmTryCompileExec3372558305.dir/CheckIncludeFile.c.obj
	C:\PROGRA~2\MICROS~1.0\VC\bin\cl.exe  @C:\Users\jo\AppData\Local\Temp\nm2BEF.tmp
CheckIncludeFile.c
Linking C executable cmTryCompileExec3372558305.exe
	"C:\Program Files (x86)\CMake 2.8\bin\cmake.exe" -E vs_link_exe C:\PROGRA~2\MICROS~1.0\VC\bin\link.exe /nologo @CMakeFiles\cmTryCompileExec3372558305.dir\objects1.rsp @C:\Users\jo\AppData\Local\Temp\nm2C5E.tmp


Determining if the include file stddef.h exists passed with the following output:
Change Dir: C:/projects/faocas_qc_w/zlib-1.2.8/build_debug/CMakeFiles/CMakeTmp

Run Build Command:nmake /NOLOGO  "cmTryCompileExec2227678405\fast"
	"C:\Program Files (x86)\Microsoft Visual Studio 9.0\VC\BIN\nmake.exe" -f CMakeFiles\cmTryCompileExec2227678405.dir\build.make /nologo -L                  CMakeFiles\cmTryCompileExec2227678405.dir\build
	"C:\Program Files (x86)\CMake 2.8\bin\cmake.exe" -E cmake_progress_report C:\projects\faocas_qc_w\zlib-1.2.8\build_debug\CMakeFiles\CMakeTmp\CMakeFiles 1
Building C object CMakeFiles/cmTryCompileExec2227678405.dir/CheckIncludeFile.c.obj
	C:\PROGRA~2\MICROS~1.0\VC\bin\cl.exe  @C:\Users\jo\AppData\Local\Temp\nm2FB7.tmp
CheckIncludeFile.c
Linking C executable cmTryCompileExec2227678405.exe
	"C:\Program Files (x86)\CMake 2.8\bin\cmake.exe" -E vs_link_exe C:\PROGRA~2\MICROS~1.0\VC\bin\link.exe /nologo @CMakeFiles\cmTryCompileExec2227678405.dir\objects1.rsp @C:\Users\jo\AppData\Local\Temp\nm3025.tmp


